Library/Bee/Android/Prj/IL2CPP/Gradle/launcher/build/intermediates/manifest_merge_blame_file/release/manifest-merger-blame-release-report.txt
1<?xml version="1.0" encoding="utf-8"?>
2<manifest xmlns:android="http://schemas.android.com/apk/res/android"
3    package="com.EPA.CollectionGame"
4    android:installLocation="auto"
5    android:versionCode="1"
6    android:versionName="1.5A" >
7
8    <uses-sdk
9        android:minSdkVersion="29"
9-->src\main\AndroidManifest.xml
10        android:targetSdkVersion="32" />
10-->src\main\AndroidManifest.xml
11
12    <supports-screens
12-->src\main\AndroidManifest.xml:4:3-163
13        android:anyDensity="true"
13-->src\main\AndroidManifest.xml:4:135-160
14        android:largeScreens="true"
14-->src\main\AndroidManifest.xml:4:78-105
15        android:normalScreens="true"
15-->src\main\AndroidManifest.xml:4:49-77
16        android:smallScreens="true"
16-->src\main\AndroidManifest.xml:4:21-48
17        android:xlargeScreens="true" />
17-->src\main\AndroidManifest.xml:4:106-134
18
19    <supports-gl-texture android:name="GL_KHR_texture_compression_astc_ldr" />
19-->[:unityLibrary] AndroidManifest.xml:9:5-79
19-->[:unityLibrary] AndroidManifest.xml:9:26-76
20
21    <uses-permission android:name="com.oculus.permission.HAND_TRACKING" />
21-->[:unityLibrary] AndroidManifest.xml:11:5-75
21-->[:unityLibrary] AndroidManifest.xml:11:22-72
22    <uses-permission android:name="com.oculus.permission.USE_ANCHOR_API" />
22-->[:unityLibrary] AndroidManifest.xml:12:5-76
22-->[:unityLibrary] AndroidManifest.xml:12:22-73
23    <uses-permission android:name="com.oculus.permission.USE_SCENE" />
23-->[:unityLibrary] AndroidManifest.xml:13:5-71
23-->[:unityLibrary] AndroidManifest.xml:13:22-68
24    <uses-permission android:name="android.permission.INTERNET" />
24-->[:unityLibrary] AndroidManifest.xml:14:5-67
24-->[:unityLibrary] AndroidManifest.xml:14:22-64
25
26    <uses-feature
26-->[:unityLibrary] AndroidManifest.xml:16:5-19:31
27        android:name="android.hardware.vr.headtracking"
27-->[:unityLibrary] AndroidManifest.xml:17:9-56
28        android:required="true"
28-->[:unityLibrary] AndroidManifest.xml:18:9-32
29        android:version="1" />
29-->[:unityLibrary] AndroidManifest.xml:19:9-28
30    <uses-feature
30-->[:unityLibrary] AndroidManifest.xml:20:5-22:36
31        android:name="oculus.software.handtracking"
31-->[:unityLibrary] AndroidManifest.xml:21:9-52
32        android:required="false" />
32-->[:unityLibrary] AndroidManifest.xml:22:9-33
33    <uses-feature
33-->[:unityLibrary] AndroidManifest.xml:23:5-25:36
34        android:name="com.oculus.feature.PASSTHROUGH"
34-->[:unityLibrary] AndroidManifest.xml:24:9-54
35        android:required="false" />
35-->[:unityLibrary] AndroidManifest.xml:25:9-33
36    <uses-feature
36-->[:unityLibrary] AndroidManifest.xml:26:5-28:35
37        android:name="android.hardware.vulkan.version"
37-->[:unityLibrary] AndroidManifest.xml:27:9-55
38        android:required="true" />
38-->[:unityLibrary] AndroidManifest.xml:28:9-32
39    <uses-feature
39-->[:unityLibrary] AndroidManifest.xml:29:5-31:36
40        android:name="android.hardware.touchscreen"
40-->[:unityLibrary] AndroidManifest.xml:30:9-52
41        android:required="false" />
41-->[:unityLibrary] AndroidManifest.xml:31:9-33
42    <uses-feature
42-->[:unityLibrary] AndroidManifest.xml:32:5-34:36
43        android:name="android.hardware.touchscreen.multitouch"
43-->[:unityLibrary] AndroidManifest.xml:33:9-63
44        android:required="false" />
44-->[:unityLibrary] AndroidManifest.xml:34:9-33
45    <uses-feature
45-->[:unityLibrary] AndroidManifest.xml:35:5-37:36
46        android:name="android.hardware.touchscreen.multitouch.distinct"
46-->[:unityLibrary] AndroidManifest.xml:36:9-72
47        android:required="false" />
47-->[:unityLibrary] AndroidManifest.xml:37:9-33
48
49    <uses-permission android:name="android.permission.WRITE_EXTERNAL_STORAGE" />
50    <uses-permission android:name="android.permission.READ_PHONE_STATE" />
51    <uses-permission android:name="android.permission.READ_EXTERNAL_STORAGE" />
52
53    <application
53-->src\main\AndroidManifest.xml:3:3-83
54        android:allowBackup="false"
54-->[:unityLibrary] AndroidManifest.xml:40:9-36
55        android:extractNativeLibs="true"
55-->[:unityLibrary] AndroidManifest.xml:41:9-41
56        android:icon="@mipmap/app_icon"
56-->src\main\AndroidManifest.xml:3:49-80
57        android:label="@string/app_name"
57-->src\main\AndroidManifest.xml:3:16-48
58        android:networkSecurityConfig="@xml/network_sec_config" >
58-->[:unityLibrary] AndroidManifest.xml:44:9-64
59        <meta-data
59-->[:unityLibrary] AndroidManifest.xml:45:9-47:37
60            android:name="unityplayer.SkipPermissionsDialog"
60-->[:unityLibrary] AndroidManifest.xml:46:13-61
61            android:value="false" />
61-->[:unityLibrary] AndroidManifest.xml:47:13-34
62        <meta-data
62-->[:unityLibrary] AndroidManifest.xml:48:9-50:39
63            android:name="com.samsung.android.vr.application.mode"
63-->[:unityLibrary] AndroidManifest.xml:49:13-67
64            android:value="vr_only" />
64-->[:unityLibrary] AndroidManifest.xml:50:13-36
65        <meta-data
65-->[:unityLibrary] AndroidManifest.xml:51:9-53:35
66            android:name="com.oculus.handtracking.frequency"
66-->[:unityLibrary] AndroidManifest.xml:52:13-61
67            android:value="LOW" />
67-->[:unityLibrary] AndroidManifest.xml:53:13-32
68        <meta-data
68-->[:unityLibrary] AndroidManifest.xml:54:9-56:54
69            android:name="com.oculus.ossplash.background"
69-->[:unityLibrary] AndroidManifest.xml:55:13-58
70            android:value="passthrough-contextual" />
70-->[:unityLibrary] AndroidManifest.xml:56:13-51
71        <meta-data
71-->[:unityLibrary] AndroidManifest.xml:57:9-59:68
72            android:name="com.oculus.telemetry.project_guid"
72-->[:unityLibrary] AndroidManifest.xml:58:13-61
73            android:value="31f5412e-17c1-4728-9cbe-05db24121334" />
73-->[:unityLibrary] AndroidManifest.xml:59:13-65
74        <meta-data
74-->[:unityLibrary] AndroidManifest.xml:60:9-63:45
75            android:name="com.oculus.supportedDevices"
75-->[:unityLibrary] AndroidManifest.xml:61:13-55
76            android:value="quest2|questpro|quest3" />
76-->[:unityLibrary] AndroidManifest.xml:62:13-51
77        <meta-data
77-->[:unityLibrary] AndroidManifest.xml:64:9-66:33
78            android:name="unity.splash-mode"
78-->[:unityLibrary] AndroidManifest.xml:65:13-45
79            android:value="0" />
79-->[:unityLibrary] AndroidManifest.xml:66:13-30
80        <meta-data
80-->[:unityLibrary] AndroidManifest.xml:67:9-69:36
81            android:name="unity.splash-enable"
81-->[:unityLibrary] AndroidManifest.xml:68:13-47
82            android:value="True" />
82-->[:unityLibrary] AndroidManifest.xml:69:13-33
83        <meta-data
83-->[:unityLibrary] AndroidManifest.xml:70:9-72:36
84            android:name="unity.launch-fullscreen"
84-->[:unityLibrary] AndroidManifest.xml:71:13-51
85            android:value="True" />
85-->[:unityLibrary] AndroidManifest.xml:72:13-33
86        <meta-data
86-->[:unityLibrary] AndroidManifest.xml:73:9-75:36
87            android:name="unity.render-outside-safearea"
87-->[:unityLibrary] AndroidManifest.xml:74:13-57
88            android:value="True" />
88-->[:unityLibrary] AndroidManifest.xml:75:13-33
89        <meta-data
89-->[:unityLibrary] AndroidManifest.xml:76:9-78:50
90            android:name="notch.config"
90-->[:unityLibrary] AndroidManifest.xml:77:13-40
91            android:value="portrait|landscape" />
91-->[:unityLibrary] AndroidManifest.xml:78:13-47
92        <meta-data
92-->[:unityLibrary] AndroidManifest.xml:79:9-81:36
93            android:name="unity.auto-report-fully-drawn"
93-->[:unityLibrary] AndroidManifest.xml:80:13-57
94            android:value="true" />
94-->[:unityLibrary] AndroidManifest.xml:81:13-33
95
96        <activity
96-->[:unityLibrary] AndroidManifest.xml:83:9-106:20
97            android:name="com.unity3d.player.UnityPlayerActivity"
97-->[:unityLibrary] AndroidManifest.xml:84:13-66
98            android:configChanges="mcc|mnc|locale|touchscreen|keyboard|keyboardHidden|navigation|orientation|screenLayout|uiMode|screenSize|smallestScreenSize|fontScale|layoutDirection|density"
98-->[:unityLibrary] AndroidManifest.xml:85:13-194
99            android:excludeFromRecents="true"
99-->[:unityLibrary] AndroidManifest.xml:86:13-46
100            android:exported="true"
100-->[:unityLibrary] AndroidManifest.xml:87:13-36
101            android:hardwareAccelerated="false"
101-->[:unityLibrary] AndroidManifest.xml:88:13-48
102            android:launchMode="singleTask"
102-->[:unityLibrary] AndroidManifest.xml:89:13-44
103            android:resizeableActivity="false"
103-->[:unityLibrary] AndroidManifest.xml:90:13-47
104            android:screenOrientation="landscape"
104-->[:unityLibrary] AndroidManifest.xml:91:13-50
105            android:theme="@android:style/Theme.Black.NoTitleBar.Fullscreen" >
105-->[:unityLibrary] AndroidManifest.xml:92:13-77
106            <intent-filter>
106-->[:unityLibrary] AndroidManifest.xml:93:13-98:29
107                <category android:name="android.intent.category.LAUNCHER" />
107-->[:unityLibrary] AndroidManifest.xml:94:17-77
107-->[:unityLibrary] AndroidManifest.xml:94:27-74
108                <category android:name="com.oculus.intent.category.VR" />
108-->[:unityLibrary] AndroidManifest.xml:95:17-74
108-->[:unityLibrary] AndroidManifest.xml:95:27-71
109
110                <action android:name="android.intent.action.MAIN" />
110-->[:unityLibrary] AndroidManifest.xml:97:17-69
110-->[:unityLibrary] AndroidManifest.xml:97:25-66
111            </intent-filter>
112
113            <meta-data
113-->[:unityLibrary] AndroidManifest.xml:100:13-102:40
114                android:name="com.oculus.vr.focusaware"
114-->[:unityLibrary] AndroidManifest.xml:101:17-56
115                android:value="true" />
115-->[:unityLibrary] AndroidManifest.xml:102:17-37
116            <meta-data
116-->[:unityLibrary] AndroidManifest.xml:103:13-105:40
117                android:name="notch_support"
117-->[:unityLibrary] AndroidManifest.xml:104:17-45
118                android:value="true" />
118-->[:unityLibrary] AndroidManifest.xml:105:17-37
119        </activity>
120    </application>
121
122</manifest>